# JRE version: OpenJDK Runtime Environment (11.0.2+9) (build 11.0.2+9)
# Java VM: OpenJDK 64-Bit Server VM (11.0.2+9, mixed mode, tiered, compressed oops, g1 gc, windows-amd64)
Heap:
 garbage-first heap   total 315392K, used 212232K [0x0000000740000000, 0x0000000800000000)
  region size 1024K, 39 young (39936K), 4 survivors (4096K)
 Metaspace       used 136223K, capacity 140058K, committed 140164K, reserved 1169408K
  class space    used 18536K, capacity 20220K, committed 20300K, reserved 1048576K
GC Heap History (10 events):
Event: 2441.324 GC heap before
{Heap before GC invocations=672 (full 22):
 garbage-first heap   total 315392K, used 233714K [0x0000000740000000, 0x0000000800000000)
  region size 1024K, 60 young (61440K), 3 survivors (3072K)
 Metaspace       used 136118K, capacity 139927K, committed 140164K, reserved 1169408K
  class space    used 18535K, capacity 20219K, committed 20300K, reserved 1048576K
}
Event: 2441.329 GC heap after
{Heap after GC invocations=673 (full 22):
 garbage-first heap   total 315392K, used 176091K [0x0000000740000000, 0x0000000800000000)
  region size 1024K, 3 young (3072K), 3 survivors (3072K)
 Metaspace       used 136118K, capacity 139927K, committed 140164K, reserved 1169408K
  class space    used 18535K, capacity 20219K, committed 20300K, reserved 1048576K
}
Event: 2441.597 GC heap before
{Heap before GC invocations=674 (full 22):
 garbage-first heap   total 315392K, used 220123K [0x0000000740000000, 0x0000000800000000)
  region size 1024K, 47 young (48128K), 3 survivors (3072K)
 Metaspace       used 136122K, capacity 139927K, committed 140164K, reserved 1169408K
  class space    used 18535K, capacity 20219K, committed 20300K, reserved 1048576K
}
Event: 2441.603 GC heap after
{Heap after GC invocations=675 (full 22):
 garbage-first heap   total 315392K, used 175677K [0x0000000740000000, 0x0000000800000000)
  region size 1024K, 3 young (3072K), 3 survivors (3072K)
 Metaspace       used 136122K, capacity 139927K, committed 140164K, reserved 1169408K
  class space    used 18535K, capacity 20219K, committed 20300K, reserved 1048576K
}
Event: 2442.340 GC heap before
{Heap before GC invocations=676 (full 22):
 garbage-first heap   total 315392K, used 237117K [0x0000000740000000, 0x0000000800000000)
  region size 1024K, 60 young (61440K), 3 survivors (3072K)
 Metaspace       used 136149K, capacity 139991K, committed 140164K, reserved 1169408K
  class space    used 18535K, capacity 20219K, committed 20300K, reserved 1048576K
}
Event: 2442.346 GC heap after
{Heap after GC invocations=677 (full 22):
 garbage-first heap   total 315392K, used 178879K [0x0000000740000000, 0x0000000800000000)
  region size 1024K, 3 young (3072K), 3 survivors (3072K)
 Metaspace       used 136149K, capacity 139991K, committed 140164K, reserved 1169408K
  class space    used 18535K, capacity 20219K, committed 20300K, reserved 1048576K
}
Event: 2444.644 GC heap before
{Heap before GC invocations=677 (full 22):
 garbage-first heap   total 315392K, used 237247K [0x0000000740000000, 0x0000000800000000)
  region size 1024K, 60 young (61440K), 3 survivors (3072K)
 Metaspace       used 136185K, capacity 139994K, committed 140164K, reserved 1169408K
  class space    used 18536K, capacity 20220K, committed 20300K, reserved 1048576K
}
Event: 2444.650 GC heap after
{Heap after GC invocations=678 (full 22):
 garbage-first heap   total 315392K, used 178231K [0x0000000740000000, 0x0000000800000000)
  region size 1024K, 3 young (3072K), 3 survivors (3072K)
 Metaspace       used 136185K, capacity 139994K, committed 140164K, reserved 1169408K
  class space    used 18536K, capacity 20220K, committed 20300K, reserved 1048576K
}
Event: 2446.776 GC heap before
{Heap before GC invocations=679 (full 22):
 garbage-first heap   total 315392K, used 235575K [0x0000000740000000, 0x0000000800000000)
  region size 1024K, 60 young (61440K), 3 survivors (3072K)
 Metaspace       used 136209K, capacity 139994K, committed 140164K, reserved 1169408K
  class space    used 18536K, capacity 20220K, committed 20300K, reserved 1048576K
}
Event: 2446.782 GC heap after
{Heap after GC invocations=680 (full 22):
 garbage-first heap   total 315392K, used 177416K [0x0000000740000000, 0x0000000800000000)
  region size 1024K, 4 young (4096K), 4 survivors (4096K)
 Metaspace       used 136209K, capacity 139994K, committed 140164K, reserved 1169408K
  class space    used 18536K, capacity 20220K, committed 20300K, reserved 1048576K
}

